# JRE version: Java(TM) SE Runtime Environment (21.0.9+7) (build 21.0.9+7-LTS-338)
# Java VM: Java HotSpot(TM) 64-Bit Server VM (21.0.9+7-LTS-338, mixed mode, emulated-client, sharing, tiered, compressed oops, compressed class ptrs, g1 gc, windows-amd64)
GC Precious Log:
 CardTable entry size: 512
 Card Set container configuration: InlinePtr #cards 5 size 8 Array Of Cards #cards 12 size 40 Howl #buckets 4 coarsen threshold 1843 Howl Bitmap #cards 512 size 80 coarsen threshold 460 Card regions per heap region 1 cards per card region 2048
 CPUs: 4 total, 4 available
 Memory: 8097M
 Large Page Support: Disabled
 NUMA Support: Disabled
 Compressed Oops: Enabled (32-bit)
 Heap Region Size: 1M
 Heap Min Capacity: 8M
 Heap Initial Capacity: 128M
 Heap Max Capacity: 2026M
 Pre-touch: Disabled
 Parallel Workers: 4
 Concurrent Workers: 1
 Concurrent Refinement Workers: 4
 Periodic GC: Disabled
Heap:
 garbage-first heap   total 61440K, used 37157K [0x0000000081600000, 0x0000000100000000)
  region size 1024K, 13 young (13312K), 3 survivors (3072K)
 Metaspace       used 61983K, committed 62592K, reserved 1114112K
  class space    used 8832K, committed 9088K, reserved 1048576K
GC Heap History (20 events):
Event: 2.249 GC heap before
{Heap before GC invocations=2 (full 0):
 garbage-first heap   total 131072K, used 31043K [0x0000000081600000, 0x0000000100000000)
  region size 1024K, 25 young (25600K), 2 survivors (2048K)
 Metaspace       used 14673K, committed 15104K, reserved 1114112K
  class space    used 1921K, committed 2112K, reserved 1048576K
}
Event: 2.255 GC heap after
{Heap after GC invocations=3 (full 0):
 garbage-first heap   total 131072K, used 10561K [0x0000000081600000, 0x0000000100000000)
  region size 1024K, 4 young (4096K), 4 survivors (4096K)
 Metaspace       used 14673K, committed 15104K, reserved 1114112K
  class space    used 1921K, committed 2112K, reserved 1048576K
}
Event: 2.957 GC heap before
{Heap before GC invocations=3 (full 0):
 garbage-first heap   total 131072K, used 41281K [0x0000000081600000, 0x0000000100000000)
  region size 1024K, 36 young (36864K), 4 survivors (4096K)
 Metaspace       used 21161K, committed 21504K, reserved 1114112K
  class space    used 2787K, committed 2944K, reserved 1048576K
}
Event: 2.971 GC heap after
{Heap after GC invocations=4 (full 0):
 garbage-first heap   total 131072K, used 13695K [0x0000000081600000, 0x0000000100000000)
  region size 1024K, 7 young (7168K), 7 survivors (7168K)
 Metaspace       used 21161K, committed 21504K, reserved 1114112K
  class space    used 2787K, committed 2944K, reserved 1048576K
}
Event: 3.769 GC heap before
{Heap before GC invocations=5 (full 0):
 garbage-first heap   total 51200K, used 37247K [0x0000000081600000, 0x0000000100000000)
  region size 1024K, 30 young (30720K), 7 survivors (7168K)
 Metaspace       used 23845K, committed 24256K, reserved 1114112K
  class space    used 3198K, committed 3392K, reserved 1048576K
}
Event: 3.793 GC heap after
{Heap after GC invocations=6 (full 0):
 garbage-first heap   total 51200K, used 16067K [0x0000000081600000, 0x0000000100000000)
  region size 1024K, 3 young (3072K), 3 survivors (3072K)
 Metaspace       used 23845K, committed 24256K, reserved 1114112K
  class space    used 3198K, committed 3392K, reserved 1048576K
}
Event: 4.618 GC heap before
{Heap before GC invocations=6 (full 0):
 garbage-first heap   total 51200K, used 38595K [0x0000000081600000, 0x0000000100000000)
  region size 1024K, 26 young (26624K), 3 survivors (3072K)
 Metaspace       used 28037K, committed 28544K, reserved 1114112K
  class space    used 3811K, committed 4032K, reserved 1048576K
}
Event: 4.634 GC heap after
{Heap after GC invocations=7 (full 0):
 garbage-first heap   total 51200K, used 18326K [0x0000000081600000, 0x0000000100000000)
  region size 1024K, 4 young (4096K), 4 survivors (4096K)
 Metaspace       used 28037K, committed 28544K, reserved 1114112K
  class space    used 3811K, committed 4032K, reserved 1048576K
}
Event: 5.536 GC heap before
{Heap before GC invocations=7 (full 0):
 garbage-first heap   total 51200K, used 40854K [0x0000000081600000, 0x0000000100000000)
  region size 1024K, 27 young (27648K), 4 survivors (4096K)
 Metaspace       used 33355K, committed 33920K, reserved 1114112K
  class space    used 4607K, committed 4864K, reserved 1048576K
}
Event: 5.546 GC heap after
{Heap after GC invocations=8 (full 0):
 garbage-first heap   total 51200K, used 20718K [0x0000000081600000, 0x0000000100000000)
  region size 1024K, 2 young (2048K), 2 survivors (2048K)
 Metaspace       used 33355K, committed 33920K, reserved 1114112K
  class space    used 4607K, committed 4864K, reserved 1048576K
}
Event: 5.857 GC heap before
{Heap before GC invocations=8 (full 0):
 garbage-first heap   total 51200K, used 30958K [0x0000000081600000, 0x0000000100000000)
  region size 1024K, 14 young (14336K), 2 survivors (2048K)
 Metaspace       used 35430K, committed 35968K, reserved 1114112K
  class space    used 5069K, committed 5312K, reserved 1048576K
}
Event: 5.862 GC heap after
{Heap after GC invocations=9 (full 0):
 garbage-first heap   total 61440K, used 21987K [0x0000000081600000, 0x0000000100000000)
  region size 1024K, 2 young (2048K), 2 survivors (2048K)
 Metaspace       used 35430K, committed 35968K, reserved 1114112K
  class space    used 5069K, committed 5312K, reserved 1048576K
}
Event: 6.952 GC heap before
{Heap before GC invocations=10 (full 0):
 garbage-first heap   total 61440K, used 51683K [0x0000000081600000, 0x0000000100000000)
  region size 1024K, 31 young (31744K), 2 survivors (2048K)
 Metaspace       used 43374K, committed 44032K, reserved 1114112K
  class space    used 6185K, committed 6464K, reserved 1048576K
}
Event: 6.959 GC heap after
{Heap after GC invocations=11 (full 0):
 garbage-first heap   total 61440K, used 24497K [0x0000000081600000, 0x0000000100000000)
  region size 1024K, 4 young (4096K), 4 survivors (4096K)
 Metaspace       used 43374K, committed 44032K, reserved 1114112K
  class space    used 6185K, committed 6464K, reserved 1048576K
}
Event: 8.092 GC heap before
{Heap before GC invocations=11 (full 0):
 garbage-first heap   total 61440K, used 51121K [0x0000000081600000, 0x0000000100000000)
  region size 1024K, 31 young (31744K), 4 survivors (4096K)
 Metaspace       used 51647K, committed 52288K, reserved 1114112K
  class space    used 7273K, committed 7552K, reserved 1048576K
}
Event: 8.100 GC heap after
{Heap after GC invocations=12 (full 0):
 garbage-first heap   total 61440K, used 25498K [0x0000000081600000, 0x0000000100000000)
  region size 1024K, 2 young (2048K), 2 survivors (2048K)
 Metaspace       used 51647K, committed 52288K, reserved 1114112K
  class space    used 7273K, committed 7552K, reserved 1048576K
}
Event: 8.919 GC heap before
{Heap before GC invocations=12 (full 0):
 garbage-first heap   total 61440K, used 53146K [0x0000000081600000, 0x0000000100000000)
  region size 1024K, 29 young (29696K), 2 survivors (2048K)
 Metaspace       used 58093K, committed 58752K, reserved 1114112K
  class space    used 8296K, committed 8576K, reserved 1048576K
}
Event: 8.923 GC heap after
{Heap after GC invocations=13 (full 0):
 garbage-first heap   total 61440K, used 26487K [0x0000000081600000, 0x0000000100000000)
  region size 1024K, 3 young (3072K), 3 survivors (3072K)
 Metaspace       used 58093K, committed 58752K, reserved 1114112K
  class space    used 8296K, committed 8576K, reserved 1048576K
}
Event: 9.805 GC heap before
{Heap before GC invocations=13 (full 0):
 garbage-first heap   total 61440K, used 38775K [0x0000000081600000, 0x0000000100000000)
  region size 1024K, 16 young (16384K), 3 survivors (3072K)
 Metaspace       used 60174K, committed 60800K, reserved 1114112K
  class space    used 8559K, committed 8832K, reserved 1048576K
}
Event: 9.812 GC heap after
{Heap after GC invocations=14 (full 0):
 garbage-first heap   total 61440K, used 27941K [0x0000000081600000, 0x0000000100000000)
  region size 1024K, 3 young (3072K), 3 survivors (3072K)
 Metaspace       used 60174K, committed 60800K, reserved 1114112K
  class space    used 8559K, committed 8832K, reserved 1048576K
}

